<?xml version="1.0" encoding="UTF-8"?>
<testng-results ignored="0" total="3" passed="3" failed="0" skipped="0">
  <reporter-output>
  </reporter-output>
  <suite started-at="2023-08-25T17:01:35 IST" name="Default suite" finished-at="2023-08-25T17:01:35 IST" duration-ms="88">
    <groups>
    </groups>
    <test started-at="2023-08-25T17:01:35 IST" name="Default test" finished-at="2023-08-25T17:01:35 IST" duration-ms="88">
      <class name="Testng.Ihookable">
        <test-method signature="t(java.lang.String)[pri:0, instance:Testng.Ihookable@13e344d]" started-at="2023-08-25T17:01:35 IST" name="t" data-provider="parametersToBeSent" finished-at="2023-08-25T17:01:35 IST" duration-ms="8" status="PASS">
          <params>
            <param index="0">
              <value>
                <![CDATA[parameter 1]]>
              </value>
            </param>
          </params>
          <reporter-output>
          </reporter-output>
        </test-method> <!-- t -->
        <test-method signature="t(java.lang.String)[pri:0, instance:Testng.Ihookable@13e344d]" started-at="2023-08-25T17:01:35 IST" name="t" data-provider="parametersToBeSent" finished-at="2023-08-25T17:01:35 IST" duration-ms="3" status="PASS">
          <params>
            <param index="0">
              <value>
                <![CDATA[parameter 2]]>
              </value>
            </param>
          </params>
          <reporter-output>
          </reporter-output>
        </test-method> <!-- t -->
        <test-method signature="t(java.lang.String)[pri:0, instance:Testng.Ihookable@13e344d]" started-at="2023-08-25T17:01:35 IST" name="t" data-provider="parametersToBeSent" finished-at="2023-08-25T17:01:35 IST" duration-ms="2" status="PASS">
          <params>
            <param index="0">
              <value>
                <![CDATA[parameter 3]]>
              </value>
            </param>
          </params>
          <reporter-output>
          </reporter-output>
        </test-method> <!-- t -->
      </class> <!-- Testng.Ihookable -->
    </test> <!-- Default test -->
  </suite> <!-- Default suite -->
</testng-results>
